Using pre-set license
Built from '2021.2/staging' branch; Version is '2021.2.9f1 (921b45a28ab6) revision 9575237'; Using compiler version '192829333'; Build Type 'Release'
OS: 'Windows 10  (10.0.19043) 64bit Professional' Language: 'de' Physical Memory: 32704 MB
BatchMode: 1, IsHumanControllingUs: 0, StartBugReporterOnCrash: 0, Is64bit: 1, IsPro: 0

COMMAND LINE ARGUMENTS:
C:\Program Files\Unity\Hub\Editor\2021.2.9f1\Editor\Unity.exe
-adb2
-batchMode
-noUpm
-name
AssetImportWorker0
-projectPath
C:/Users/Admin/Documents/Unity Projects/2 Lights Cloud Test
-logFile
Logs/AssetImportWorker0.log
-srvPort
53172
Successfully changed project path to: C:/Users/Admin/Documents/Unity Projects/2 Lights Cloud Test
C:/Users/Admin/Documents/Unity Projects/2 Lights Cloud Test
[UnityMemory] Configuration Parameters - Can be set up in boot.config
    "memorysetup-bucket-allocator-granularity=16"
    "memorysetup-bucket-allocator-bucket-count=8"
    "memorysetup-bucket-allocator-block-size=33554432"
    "memorysetup-bucket-allocator-block-count=8"
    "memorysetup-main-allocator-block-size=16777216"
    "memorysetup-thread-allocator-block-size=16777216"
    "memorysetup-gfx-main-allocator-block-size=16777216"
    "memorysetup-gfx-thread-allocator-block-size=16777216"
    "memorysetup-cache-allocator-block-size=4194304"
    "memorysetup-typetree-allocator-block-size=2097152"
    "memorysetup-profiler-bucket-allocator-granularity=16"
    "memorysetup-profiler-bucket-allocator-bucket-count=8"
    "memorysetup-profiler-bucket-allocator-block-size=33554432"
    "memorysetup-profiler-bucket-allocator-block-count=8"
    "memorysetup-profiler-allocator-block-size=16777216"
    "memorysetup-profiler-editor-allocator-block-size=1048576"
    "memorysetup-temp-allocator-size-main=16777216"
    "memorysetup-job-temp-allocator-block-size=2097152"
    "memorysetup-job-temp-allocator-block-size-background=1048576"
    "memorysetup-job-temp-allocator-reduction-small-platforms=262144"
    "memorysetup-temp-allocator-size-background-worker=32768"
    "memorysetup-temp-allocator-size-job-worker=262144"
    "memorysetup-temp-allocator-size-preload-manager=33554432"
    "memorysetup-temp-allocator-size-nav-mesh-worker=65536"
    "memorysetup-temp-allocator-size-audio-worker=65536"
    "memorysetup-temp-allocator-size-cloud-worker=32768"
    "memorysetup-temp-allocator-size-gi-baking-worker=262144"
    "memorysetup-temp-allocator-size-gfx=262144"
Refreshing native plugins compatible for Editor in 203.04 ms, found 3 plugins.
Preloading 0 native plugins for Editor in 0.00 ms.
Initialize engine version: 2021.2.9f1 (921b45a28ab6)
[Subsystems] Discovering subsystems at path C:/Program Files/Unity/Hub/Editor/2021.2.9f1/Editor/Data/Resources/UnitySubsystems
[Subsystems] Discovering subsystems at path C:/Users/Admin/Documents/Unity Projects/2 Lights Cloud Test/Assets
GfxDevice: creating device client; threaded=0; jobified=0
Direct3D:
    Version:  Direct3D 11.0 [level 11.1]
    Renderer: NVIDIA GeForce GTX 1080 Ti (ID=0x1b06)
    Vendor:   NVIDIA
    VRAM:     11127 MB
    Driver:   30.0.14.9729
Initialize mono
Mono path[0] = 'C:/Program Files/Unity/Hub/Editor/2021.2.9f1/Editor/Data/Managed'
Mono path[1] = 'C:/Program Files/Unity/Hub/Editor/2021.2.9f1/Editor/Data/MonoBleedingEdge/lib/mono/unityjit-win32'
Mono config path = 'C:/Program Files/Unity/Hub/Editor/2021.2.9f1/Editor/Data/MonoBleedingEdge/etc'
Using monoOptions --debugger-agent=transport=dt_socket,embedding=1,server=y,suspend=n,address=127.0.0.1:56936
Begin MonoManager ReloadAssembly
Registering precompiled unity dll's ...
Register platform support module: C:/Program Files/Unity/Hub/Editor/2021.2.9f1/Editor/Data/PlaybackEngines/WindowsStandaloneSupport/UnityEditor.WindowsStandalone.Extensions.dll
Registered in 0.009168 seconds.
Native extension for WindowsStandalone target not found
Refreshing native plugins compatible for Editor in 184.78 ms, found 3 plugins.
Preloading 0 native plugins for Editor in 0.00 ms.
Mono: successfully reloaded assembly
- Completed reload, in  1.046 seconds
Domain Reload Profiling:
	ReloadAssembly (1047ms)
		BeginReloadAssembly (113ms)
			ExecutionOrderSort (0ms)
			DisableScriptedObjects (0ms)
			BackupInstance (0ms)
			ReleaseScriptingObjects (0ms)
			CreateAndSetChildDomain (1ms)
		EndReloadAssembly (798ms)
			LoadAssemblies (109ms)
			RebuildTransferFunctionScriptingTraits (0ms)
			SetupTypeCache (182ms)
			ReleaseScriptCaches (0ms)
			RebuildScriptCaches (47ms)
			SetupLoadedEditorAssemblies (481ms)
				LogAssemblyErrors (0ms)
				InitializePlatformSupportModulesInManaged (25ms)
				SetLoadedEditorAssemblies (0ms)
				RefreshPlugins (185ms)
				BeforeProcessingInitializeOnLoad (2ms)
				ProcessInitializeOnLoadAttributes (205ms)
				ProcessInitializeOnLoadMethodAttributes (64ms)
				AfterProcessingInitializeOnLoad (0ms)
				EditorAssembliesLoaded (0ms)
			ExecutionOrderSort2 (0ms)
			AwakeInstancesAfterBackupRestoration (0ms)
Platform modules already initialized, skipping
Registering precompiled user dll's ...
Registered in 0.011137 seconds.
Begin MonoManager ReloadAssembly
Symbol file LoadedFromMemory doesn't match image C:\Users\Admin\Documents\Unity Projects\2 Lights Cloud Test\Library\PackageCache\com.unity.visualscripting@1.7.6\Editor\VisualScripting.Core\Dependencies\YamlDotNet\Unity.VisualScripting.YamlDotNet.dll
Symbol file LoadedFromMemory doesn't match image C:\Users\Admin\Documents\Unity Projects\2 Lights Cloud Test\Library\PackageCache\com.unity.visualscripting@1.7.6\Editor\VisualScripting.Core\Dependencies\DotNetZip\Unity.VisualScripting.IonicZip.dll
Native extension for WindowsStandalone target not found
Refreshing native plugins compatible for Editor in 180.54 ms, found 3 plugins.
Preloading 0 native plugins for Editor in 0.00 ms.
Mono: successfully reloaded assembly
- Completed reload, in  2.685 seconds
Domain Reload Profiling:
	ReloadAssembly (2686ms)
		BeginReloadAssembly (156ms)
			ExecutionOrderSort (0ms)
			DisableScriptedObjects (8ms)
			BackupInstance (0ms)
			ReleaseScriptingObjects (0ms)
			CreateAndSetChildDomain (30ms)
		EndReloadAssembly (2383ms)
			LoadAssemblies (113ms)
			RebuildTransferFunctionScriptingTraits (0ms)
			SetupTypeCache (503ms)
			ReleaseScriptCaches (1ms)
			RebuildScriptCaches (131ms)
			SetupLoadedEditorAssemblies (1575ms)
				LogAssemblyErrors (0ms)
				InitializePlatformSupportModulesInManaged (15ms)
				SetLoadedEditorAssemblies (0ms)
				RefreshPlugins (181ms)
				BeforeProcessingInitializeOnLoad (148ms)
				ProcessInitializeOnLoadAttributes (1150ms)
				ProcessInitializeOnLoadMethodAttributes (69ms)
				AfterProcessingInitializeOnLoad (11ms)
				EditorAssembliesLoaded (0ms)
			ExecutionOrderSort2 (0ms)
			AwakeInstancesAfterBackupRestoration (9ms)
Platform modules already initialized, skipping
========================================================================
Worker process is ready to serve import requests
Launched and connected shader compiler UnityShaderCompiler.exe after 0.13 seconds
Refreshing native plugins compatible for Editor in 1.52 ms, found 3 plugins.
Preloading 0 native plugins for Editor in 0.00 ms.
Unloading 5955 Unused Serialized files (Serialized files now loaded: 0)
Unloading 52 unused Assets / (3.8 MB). Loaded Objects now: 6410.
Memory consumption went from 270.7 MB to 267.0 MB.
Total: 7.006700 ms (FindLiveObjects: 0.909900 ms CreateObjectMapping: 0.485900 ms MarkObjects: 4.368100 ms  DeleteObjects: 1.240400 ms)

AssetImportParameters requested are different than current active one (requested -> active):
  custom:video-decoder-ogg-theora: a1e56fd34408186e4bbccfd4996cb3dc -> 
  custom:container-muxer-webm: aa71ff27fc2769a1b78a27578f13a17b -> 
  custom:container-demuxer-webm: 4f35f7cbe854078d1ac9338744f61a02 -> 
  custom:video-encoder-webm-vp8: eb34c28f22e8b96e1ab97ce403110664 -> 
  custom:audio-encoder-webm-vorbis: bf7c407c2cedff20999df2af8eb42d56 -> 
  custom:framework-win-MediaFoundation: 216162199b28c13a410421893ffa2e32 -> 
  custom:container-demuxer-ogg: 62fdf1f143b41e24485cea50d1cbac27 -> 
  custom:video-decoder-webm-vp8: 9c59270c3fd7afecdb556c50c9e8de78 -> 
  custom:audio-decoder-ogg-vorbis: bf7c407c2cedff20999df2af8eb42d56 -> 
========================================================================
Received Import Request.
  Time since last request: 67091.680634 seconds.
  path: Assets/HDRPDefaultResources/HDRenderPipelineGlobalSettings.asset
  artifactKey: Guid(ac0316ca287ba459492b669ff1317a6f) Importer(815301076,1909f56bfc062723c751e8b465ee728b)
Start importing Assets/HDRPDefaultResources/HDRenderPipelineGlobalSettings.asset using Guid(ac0316ca287ba459492b669ff1317a6f) Importer(815301076,1909f56bfc062723c751e8b465ee728b)  -> (artifact id: 'e0a70b8555de83b3d56b4030cedbc620') in 0.054163 seconds 
========================================================================
Received Import Request.
  Time since last request: 21.161057 seconds.
  path: Assets/Render Settings/Default Volume Profile.asset
  artifactKey: Guid(efea52c9b5aa5f34a932cc0a53564a0b) Importer(815301076,1909f56bfc062723c751e8b465ee728b)
Start importing Assets/Render Settings/Default Volume Profile.asset using Guid(efea52c9b5aa5f34a932cc0a53564a0b) Importer(815301076,1909f56bfc062723c751e8b465ee728b)  -> (artifact id: 'e4dfb5878d32a529f9a838da479f0584') in 0.012953 seconds 
========================================================================
Received Import Request.
  Time since last request: 107.464939 seconds.
  path: Assets
  artifactKey: Guid(00000000000000001000000000000000) Importer(815301076,1909f56bfc062723c751e8b465ee728b)
Start importing Assets using Guid(00000000000000001000000000000000) Importer(815301076,1909f56bfc062723c751e8b465ee728b)  -> (artifact id: '79842766b460edbeab6a34051e857a80') in 0.008919 seconds 
========================================================================
Received Import Request.
  Time since last request: 12.604006 seconds.
  path: Assets/New Scene.unity
  artifactKey: Guid(e3b650a6ff39de04d8891c695cfa0f64) Importer(815301076,1909f56bfc062723c751e8b465ee728b)
Start importing Assets/New Scene.unity using Guid(e3b650a6ff39de04d8891c695cfa0f64) Importer(815301076,1909f56bfc062723c751e8b465ee728b)  -> (artifact id: 'a5701f9ab37f9a7797aefe258406daf1') in 0.008380 seconds 
========================================================================
Received Import Request.
  Time since last request: 114.481882 seconds.
  path: Assets/Render Settings
  artifactKey: Guid(2034fba29f8132940839a6bfc4e8c587) Importer(815301076,1909f56bfc062723c751e8b465ee728b)
Start importing Assets/Render Settings using Guid(2034fba29f8132940839a6bfc4e8c587) Importer(815301076,1909f56bfc062723c751e8b465ee728b)  -> (artifact id: 'd8887fd5f7ca781d6406105f52abc21f') in 0.010696 seconds 
========================================================================
Received Import Request.
  Time since last request: 39.171571 seconds.
  path: Assets/Render Settings/Default Volume Profile.asset
  artifactKey: Guid(efea52c9b5aa5f34a932cc0a53564a0b) Importer(815301076,1909f56bfc062723c751e8b465ee728b)
Start importing Assets/Render Settings/Default Volume Profile.asset using Guid(efea52c9b5aa5f34a932cc0a53564a0b) Importer(815301076,1909f56bfc062723c751e8b465ee728b)  -> (artifact id: 'ad6fe0332521ce06e3aa1ab43719ece3') in 0.005714 seconds 
========================================================================
Received Import Request.
  Time since last request: 427.409904 seconds.
  path: Assets/HDRPDefaultResources/DefaultSettingsVolumeProfile.asset
  artifactKey: Guid(41385608899434bf48e5f0d82ad82a00) Importer(815301076,1909f56bfc062723c751e8b465ee728b)
Start importing Assets/HDRPDefaultResources/DefaultSettingsVolumeProfile.asset using Guid(41385608899434bf48e5f0d82ad82a00) Importer(815301076,1909f56bfc062723c751e8b465ee728b)  -> (artifact id: '3a300267a7a6eb7aba4cdd2d3b1815fb') in 0.012327 seconds 
========================================================================
Received Import Request.
  Time since last request: 49.257425 seconds.
  path: Assets/HDRPDefaultResources/DefaultSettingsVolumeProfile.asset
  artifactKey: Guid(41385608899434bf48e5f0d82ad82a00) Importer(815301076,1909f56bfc062723c751e8b465ee728b)
Start importing Assets/HDRPDefaultResources/DefaultSettingsVolumeProfile.asset using Guid(41385608899434bf48e5f0d82ad82a00) Importer(815301076,1909f56bfc062723c751e8b465ee728b)  -> (artifact id: '7b6bacd3010045108f20270a9e9a0a65') in 0.004410 seconds 
========================================================================
Received Import Request.
  Time since last request: 253.992346 seconds.
  path: Assets/Render Settings/Default Volume Profile.asset
  artifactKey: Guid(efea52c9b5aa5f34a932cc0a53564a0b) Importer(815301076,1909f56bfc062723c751e8b465ee728b)
Start importing Assets/Render Settings/Default Volume Profile.asset using Guid(efea52c9b5aa5f34a932cc0a53564a0b) Importer(815301076,1909f56bfc062723c751e8b465ee728b)  -> (artifact id: 'c37487d2645f79da9c547289271c7917') in 0.006057 seconds 
========================================================================
Received Import Request.
  Time since last request: 1.209074 seconds.
  path: Assets/Render Settings/Default Lighting Settings.lighting
  artifactKey: Guid(4d7e897d884b3b049ab6b1f30b38e13f) Importer(815301076,1909f56bfc062723c751e8b465ee728b)
Start importing Assets/Render Settings/Default Lighting Settings.lighting using Guid(4d7e897d884b3b049ab6b1f30b38e13f) Importer(815301076,1909f56bfc062723c751e8b465ee728b)  -> (artifact id: '6b5b4a5d1c1847c923dc7b013e5bcb25') in 0.011953 seconds 
========================================================================
Received Prepare
Switching render pipeline 619363be6b6f2e04a8ee2cee64a15269 -> b9f3086da92434da0bc1518f19f0ce86
Refreshing native plugins compatible for Editor in 5.78 ms, found 3 plugins.
Preloading 0 native plugins for Editor in 0.00 ms.
Unloading 47 Unused Serialized files (Serialized files now loaded: 0)
Unloading 67 unused Assets / (3.7 MB). Loaded Objects now: 6401.
Memory consumption went from 142.5 MB to 138.8 MB.
Total: 8.282300 ms (FindLiveObjects: 0.767900 ms CreateObjectMapping: 0.481400 ms MarkObjects: 5.240300 ms  DeleteObjects: 1.790000 ms)

AssetImportParameters requested are different than current active one (requested -> active):
  custom:video-decoder-ogg-theora: a1e56fd34408186e4bbccfd4996cb3dc -> 
  custom:container-muxer-webm: aa71ff27fc2769a1b78a27578f13a17b -> 
  custom:container-demuxer-webm: 4f35f7cbe854078d1ac9338744f61a02 -> 
  custom:video-encoder-webm-vp8: eb34c28f22e8b96e1ab97ce403110664 -> 
  custom:audio-encoder-webm-vorbis: bf7c407c2cedff20999df2af8eb42d56 -> 
  custom:framework-win-MediaFoundation: 216162199b28c13a410421893ffa2e32 -> 
  custom:container-demuxer-ogg: 62fdf1f143b41e24485cea50d1cbac27 -> 
  custom:video-decoder-webm-vp8: 9c59270c3fd7afecdb556c50c9e8de78 -> 
  custom:audio-decoder-ogg-vorbis: bf7c407c2cedff20999df2af8eb42d56 -> 
  custom:srp/default-pipeline: 9b3f80d69a4243adb01c15f8910fec68 -> 163936ebb6f6e2408aeec2ee461a2596
========================================================================
Received Import Request.
  Time since last request: 27.334726 seconds.
  path: Assets/Moon Light.prefab
  artifactKey: Guid(4430023985095b04fb47012b26c1d0aa) Importer(815301076,1909f56bfc062723c751e8b465ee728b)
Start importing Assets/Moon Light.prefab using Guid(4430023985095b04fb47012b26c1d0aa) Importer(815301076,1909f56bfc062723c751e8b465ee728b)  -> (artifact id: '787f55ce5c2db6b203562aabd37dbd1b') in 0.035759 seconds 
========================================================================
Received Import Request.
  Time since last request: 0.000025 seconds.
  path: Assets/Enviroment Manager.prefab
  artifactKey: Guid(c4824beaadc95444da2bfc6ec33b9d23) Importer(815301076,1909f56bfc062723c751e8b465ee728b)
Start importing Assets/Enviroment Manager.prefab using Guid(c4824beaadc95444da2bfc6ec33b9d23) Importer(815301076,1909f56bfc062723c751e8b465ee728b) NullReferenceException: Object reference not set to an instance of an object
  at UnityEngine.Rendering.VolumeProfile.TryGet[T] (System.Type type, T& component) [0x00007] in C:\Users\Admin\Documents\Unity Projects\2 Lights Cloud Test\Library\PackageCache\com.unity.render-pipelines.core@12.1.4\Runtime\Volume\VolumeProfile.cs:217 
  at UnityEngine.Rendering.VolumeProfile.TryGet[T] (T& component) [0x00000] in C:\Users\Admin\Documents\Unity Projects\2 Lights Cloud Test\Library\PackageCache\com.unity.render-pipelines.core@12.1.4\Runtime\Volume\VolumeProfile.cs:197 
  at EnviromentController.Setup () [0x0000b] in C:\Users\Admin\Documents\Unity Projects\2 Lights Cloud Test\Assets\EnviromentController.cs:76 
  at EnviromentController.OnValidate () [0x00000] in C:\Users\Admin\Documents\Unity Projects\2 Lights Cloud Test\Assets\EnviromentController.cs:46 

(Filename: Assets/EnviromentController.cs Line: 76)

 -> (artifact id: '6bbeff7294bff8da16eba0ad0a91393d') in 0.016509 seconds 
========================================================================
Received Import Request.
  Time since last request: 6.901438 seconds.
  path: Assets/HDRPDefaultResources/DefaultSettingsVolumeProfile.asset
  artifactKey: Guid(41385608899434bf48e5f0d82ad82a00) Importer(815301076,1909f56bfc062723c751e8b465ee728b)
Start importing Assets/HDRPDefaultResources/DefaultSettingsVolumeProfile.asset using Guid(41385608899434bf48e5f0d82ad82a00) Importer(815301076,1909f56bfc062723c751e8b465ee728b)  -> (artifact id: '45c544b1cc49493b7512d79e3b16fa96') in 0.004872 seconds 
========================================================================
Received Import Request.
  Time since last request: 24.919109 seconds.
  path: Assets/Enviroment Manager.prefab
  artifactKey: Guid(c4824beaadc95444da2bfc6ec33b9d23) Importer(815301076,1909f56bfc062723c751e8b465ee728b)
Start importing Assets/Enviroment Manager.prefab using Guid(c4824beaadc95444da2bfc6ec33b9d23) Importer(815301076,1909f56bfc062723c751e8b465ee728b)  -> (artifact id: '949225e89e2a94908d68008b462c9c5f') in 0.014725 seconds 
========================================================================
Received Import Request.
  Time since last request: 18.200211 seconds.
  path: Assets/HDRPDefaultResources/FoliageDiffusionProfile.asset
  artifactKey: Guid(879ffae44eefa4412bb327928f1a96dd) Importer(815301076,1909f56bfc062723c751e8b465ee728b)
Start importing Assets/HDRPDefaultResources/FoliageDiffusionProfile.asset using Guid(879ffae44eefa4412bb327928f1a96dd) Importer(815301076,1909f56bfc062723c751e8b465ee728b)  -> (artifact id: 'ce47863c848637f58a21c523e64057d3') in 0.004098 seconds 
========================================================================
Received Import Request.
  Time since last request: 0.000028 seconds.
  path: Assets/HDRPDefaultResources/SkinDiffusionProfile.asset
  artifactKey: Guid(48e911a1e337b44e2b85dbc65b47a594) Importer(815301076,1909f56bfc062723c751e8b465ee728b)
Start importing Assets/HDRPDefaultResources/SkinDiffusionProfile.asset using Guid(48e911a1e337b44e2b85dbc65b47a594) Importer(815301076,1909f56bfc062723c751e8b465ee728b)  -> (artifact id: 'dadc8222046de1c7fdf20e168e85a55e') in 0.008614 seconds 
========================================================================
Received Import Request.
  Time since last request: 234.131724 seconds.
  path: Assets/OutdoorsScene.unity
  artifactKey: Guid(8124e5870f4fd4c779e7a5f994e84ad1) Importer(815301076,1909f56bfc062723c751e8b465ee728b)
Start importing Assets/OutdoorsScene.unity using Guid(8124e5870f4fd4c779e7a5f994e84ad1) Importer(815301076,1909f56bfc062723c751e8b465ee728b)  -> (artifact id: 'aaacb80b69cacb92760f30124b67a315') in 0.004453 seconds 
========================================================================
Received Import Request.
  Time since last request: 112.399663 seconds.
  path: Assets/New Scene.unity
  artifactKey: Guid(e3b650a6ff39de04d8891c695cfa0f64) Importer(815301076,1909f56bfc062723c751e8b465ee728b)
Start importing Assets/New Scene.unity using Guid(e3b650a6ff39de04d8891c695cfa0f64) Importer(815301076,1909f56bfc062723c751e8b465ee728b)  -> (artifact id: 'dcbc37421bbe4237c7c8315135b87655') in 0.003426 seconds 
========================================================================
Received Import Request.
  Time since last request: 36.084463 seconds.
  path: Assets/DayTimeController Test.unity
  artifactKey: Guid(8124e5870f4fd4c779e7a5f994e84ad1) Importer(815301076,1909f56bfc062723c751e8b465ee728b)
Start importing Assets/DayTimeController Test.unity using Guid(8124e5870f4fd4c779e7a5f994e84ad1) Importer(815301076,1909f56bfc062723c751e8b465ee728b)  -> (artifact id: '320fbdca1f3b0a626e5194b5604dcdda') in 0.008938 seconds 
========================================================================
Received Import Request.
  Time since last request: 8.256172 seconds.
  path: Assets/Simple Test.unity
  artifactKey: Guid(e3b650a6ff39de04d8891c695cfa0f64) Importer(815301076,1909f56bfc062723c751e8b465ee728b)
Start importing Assets/Simple Test.unity using Guid(e3b650a6ff39de04d8891c695cfa0f64) Importer(815301076,1909f56bfc062723c751e8b465ee728b)  -> (artifact id: 'd3708887a10b380a722df633d106605a') in 0.009946 seconds 
